# JRE version: Java(TM) SE Runtime Environment (17.0.9+11) (build 17.0.9+11-LTS-201)
# Java VM: Java HotSpot(TM) 64-Bit Server VM (17.0.9+11-LTS-201, mixed mode, emulated-client, sharing, tiered, compressed oops, compressed class ptrs, g1 gc, windows-amd64)
GC Precious Log:
 CPUs: 8 total, 8 available
 Memory: 6081M
 Large Page Support: Disabled
 NUMA Support: Disabled
 Compressed Oops: Enabled (32-bit)
 Heap Region Size: 1M
 Heap Min Capacity: 8M
 Heap Initial Capacity: 96M
 Heap Max Capacity: 1522M
 Pre-touch: Disabled
 Parallel Workers: 8
 Concurrent Workers: 2
 Concurrent Refinement Workers: 8
 Periodic GC: Disabled
Heap:
 garbage-first heap   total 98304K, used 55608K [0x00000000a0e00000, 0x0000000100000000)
  region size 1024K, 1 young (1024K), 1 survivors (1024K)
 Metaspace       used 79656K, committed 80320K, reserved 1179648K
  class space    used 11628K, committed 11968K, reserved 1048576K
GC Heap History (20 events):
Event: 19.070 GC heap after
{Heap after GC invocations=15 (full 0):
 garbage-first heap   total 89088K, used 40862K [0x00000000a0e00000, 0x0000000100000000)
  region size 1024K, 4 young (4096K), 4 survivors (4096K)
 Metaspace       used 60014K, committed 60480K, reserved 1114112K
  class space    used 8384K, committed 8640K, reserved 1048576K
}
Event: 19.829 GC heap before
{Heap before GC invocations=16 (full 0):
 garbage-first heap   total 89088K, used 70558K [0x00000000a0e00000, 0x0000000100000000)
  region size 1024K, 33 young (33792K), 4 survivors (4096K)
 Metaspace       used 62502K, committed 62976K, reserved 1114112K
  class space    used 8902K, committed 9152K, reserved 1048576K
}
Event: 19.833 GC heap after
{Heap after GC invocations=17 (full 0):
 garbage-first heap   total 89088K, used 41799K [0x00000000a0e00000, 0x0000000100000000)
  region size 1024K, 3 young (3072K), 3 survivors (3072K)
 Metaspace       used 62502K, committed 62976K, reserved 1114112K
  class space    used 8902K, committed 9152K, reserved 1048576K
}
Event: 20.963 GC heap before
{Heap before GC invocations=17 (full 0):
 garbage-first heap   total 89088K, used 71495K [0x00000000a0e00000, 0x0000000100000000)
  region size 1024K, 32 young (32768K), 3 survivors (3072K)
 Metaspace       used 67662K, committed 68224K, reserved 1114112K
  class space    used 9657K, committed 9920K, reserved 1048576K
}
Event: 20.969 GC heap after
{Heap after GC invocations=18 (full 0):
 garbage-first heap   total 89088K, used 43835K [0x00000000a0e00000, 0x0000000100000000)
  region size 1024K, 3 young (3072K), 3 survivors (3072K)
 Metaspace       used 67662K, committed 68224K, reserved 1114112K
  class space    used 9657K, committed 9920K, reserved 1048576K
}
Event: 21.601 GC heap before
{Heap before GC invocations=19 (full 0):
 garbage-first heap   total 89088K, used 72507K [0x00000000a0e00000, 0x0000000100000000)
  region size 1024K, 31 young (31744K), 3 survivors (3072K)
 Metaspace       used 72414K, committed 73024K, reserved 1114112K
  class space    used 10432K, committed 10688K, reserved 1048576K
}
Event: 21.607 GC heap after
{Heap after GC invocations=20 (full 0):
 garbage-first heap   total 89088K, used 46324K [0x00000000a0e00000, 0x0000000100000000)
  region size 1024K, 4 young (4096K), 4 survivors (4096K)
 Metaspace       used 72414K, committed 73024K, reserved 1114112K
  class space    used 10432K, committed 10688K, reserved 1048576K
}
Event: 21.613 GC heap before
{Heap before GC invocations=20 (full 0):
 garbage-first heap   total 89088K, used 47348K [0x00000000a0e00000, 0x0000000100000000)
  region size 1024K, 5 young (5120K), 4 survivors (4096K)
 Metaspace       used 72415K, committed 73024K, reserved 1114112K
  class space    used 10432K, committed 10688K, reserved 1048576K
}
Event: 21.617 GC heap after
{Heap after GC invocations=21 (full 0):
 garbage-first heap   total 89088K, used 46990K [0x00000000a0e00000, 0x0000000100000000)
  region size 1024K, 1 young (1024K), 1 survivors (1024K)
 Metaspace       used 72415K, committed 73024K, reserved 1114112K
  class space    used 10432K, committed 10688K, reserved 1048576K
}
Event: 21.801 GC heap before
{Heap before GC invocations=21 (full 0):
 garbage-first heap   total 89088K, used 71566K [0x00000000a0e00000, 0x0000000100000000)
  region size 1024K, 26 young (26624K), 1 survivors (1024K)
 Metaspace       used 74013K, committed 74560K, reserved 1114112K
  class space    used 10785K, committed 11008K, reserved 1048576K
}
Event: 21.804 GC heap after
{Heap after GC invocations=22 (full 0):
 garbage-first heap   total 89088K, used 49544K [0x00000000a0e00000, 0x0000000100000000)
  region size 1024K, 4 young (4096K), 4 survivors (4096K)
 Metaspace       used 74013K, committed 74560K, reserved 1114112K
  class space    used 10785K, committed 11008K, reserved 1048576K
}
Event: 21.964 GC heap before
{Heap before GC invocations=23 (full 0):
 garbage-first heap   total 94208K, used 70024K [0x00000000a0e00000, 0x0000000100000000)
  region size 1024K, 25 young (25600K), 4 survivors (4096K)
 Metaspace       used 75368K, committed 75968K, reserved 1114112K
  class space    used 10982K, committed 11264K, reserved 1048576K
}
Event: 21.967 GC heap after
{Heap after GC invocations=24 (full 0):
 garbage-first heap   total 94208K, used 49544K [0x00000000a0e00000, 0x0000000100000000)
  region size 1024K, 2 young (2048K), 2 survivors (2048K)
 Metaspace       used 75368K, committed 75968K, reserved 1114112K
  class space    used 10982K, committed 11264K, reserved 1048576K
}
Event: 21.972 GC heap before
{Heap before GC invocations=24 (full 0):
 garbage-first heap   total 94208K, used 51592K [0x00000000a0e00000, 0x0000000100000000)
  region size 1024K, 4 young (4096K), 2 survivors (2048K)
 Metaspace       used 75368K, committed 75968K, reserved 1114112K
  class space    used 10982K, committed 11264K, reserved 1048576K
}
Event: 21.975 GC heap after
{Heap after GC invocations=25 (full 0):
 garbage-first heap   total 94208K, used 50118K [0x00000000a0e00000, 0x0000000100000000)
  region size 1024K, 1 young (1024K), 1 survivors (1024K)
 Metaspace       used 75368K, committed 75968K, reserved 1114112K
  class space    used 10982K, committed 11264K, reserved 1048576K
}
Event: 22.220 GC heap before
{Heap before GC invocations=25 (full 0):
 garbage-first heap   total 94208K, used 76742K [0x00000000a0e00000, 0x0000000100000000)
  region size 1024K, 27 young (27648K), 1 survivors (1024K)
 Metaspace       used 76197K, committed 76800K, reserved 1179648K
  class space    used 11103K, committed 11392K, reserved 1048576K
}
Event: 22.224 GC heap after
{Heap after GC invocations=26 (full 0):
 garbage-first heap   total 94208K, used 53733K [0x00000000a0e00000, 0x0000000100000000)
  region size 1024K, 4 young (4096K), 4 survivors (4096K)
 Metaspace       used 76197K, committed 76800K, reserved 1179648K
  class space    used 11103K, committed 11392K, reserved 1048576K
}
Event: 22.648 GC heap before
{Heap before GC invocations=27 (full 0):
 garbage-first heap   total 94208K, used 75237K [0x00000000a0e00000, 0x0000000100000000)
  region size 1024K, 25 young (25600K), 4 survivors (4096K)
 Metaspace       used 79218K, committed 79936K, reserved 1179648K
  class space    used 11565K, committed 11904K, reserved 1048576K
}
Event: 22.654 GC heap after
{Heap after GC invocations=28 (full 0):
 garbage-first heap   total 94208K, used 55593K [0x00000000a0e00000, 0x0000000100000000)
  region size 1024K, 2 young (2048K), 2 survivors (2048K)
 Metaspace       used 79218K, committed 79936K, reserved 1179648K
  class space    used 11565K, committed 11904K, reserved 1048576K
}
Event: 22.702 GC heap before
{Heap before GC invocations=28 (full 0):
 garbage-first heap   total 94208K, used 57641K [0x00000000a0e00000, 0x0000000100000000)
  region size 1024K, 4 young (4096K), 2 survivors (2048K)
 Metaspace       used 79656K, committed 80320K, reserved 1179648K
  class space    used 11628K, committed 11968K, reserved 1048576K
}

